<?xml version="1.0" encoding="utf-8"?><testsuites name="pytest tests"><testsuite name="pytest" errors="0" failures="2" skipped="5" tests="110" time="107.306" timestamp="2026-08-25T20:59:46.621401+00:00" hostname="agent-env-42ebaf79-5319-4a9c-85ae-e8dc172ddaa3"><testcase classname="tests.backend_test.TestHealthAndAuth" name="test_health" time="0.209" /><testcase classname="tests.backend_test.TestHealthAndAuth" name="test_owner_login" time="0.580" /><testcase classname="tests.test_resources_v2" name="test_pathways" time="0.666" /><testcase classname="tests.test_resources_v2" name="test_list_resources_rich_shape" time="0.093" /><testcase classname="tests.test_resources_v2" name="test_list_filter_kind" time="0.447" /><testcase classname="tests.backend_test.TestHealthAndAuth" name="test_login_bad_password" time="0.373" /><testcase classname="tests.test_resources_v2" name="test_list_filter_pathway" time="0.286" /><testcase classname="tests.test_resources_v2" name="test_list_search_211" time="0.069" /><testcase classname="tests.backend_test.TestHealthAndAuth" name="test_me" time="0.517" /><testcase classname="tests.test_resources_v2" name="test_list_crisis_category" time="0.072" /><testcase classname="tests.test_resources_v2" name="test_list_region_arkansas" time="0.071" /><testcase classname="tests.backend_test.TestHealthAndAuth" name="test_register_and_seed" time="0.690" /><testcase classname="tests.test_resources_v2" name="test_list_requires_auth" time="0.293" /><testcase classname="tests.test_resources_v2" name="test_detail_and_404" time="0.260" /><testcase classname="tests.test_resources_v2" name="test_save_unsave_flow" time="0.802" /><testcase classname="tests.backend_test.TestHealthAndAuth" name="test_duplicate_register" time="0.196" /><testcase classname="tests.backend_test.TestHealthAndAuth" name="test_google_session_contract" time="0.147" /><testcase classname="tests.backend_test.TestHealthAndAuth" name="test_unauthenticated_401[/auth/me]" time="0.067" /><testcase classname="tests.backend_test.TestHealthAndAuth" name="test_unauthenticated_401[/tasks]" time="0.066" /><testcase classname="tests.backend_test.TestHealthAndAuth" name="test_unauthenticated_401[/requirements]" time="0.073" /><testcase classname="tests.backend_test.TestHealthAndAuth" name="test_unauthenticated_401[/health/medications]" time="0.110" /><testcase classname="tests.backend_test.TestHealthAndAuth" name="test_unauthenticated_401[/health/conditions]" time="0.067" /><testcase classname="tests.test_resources_v2" name="test_save_404_unknown" time="0.081" /><testcase classname="tests.backend_test.TestHealthAndAuth" name="test_unauthenticated_401[/health/appointments]" time="0.084" /><testcase classname="tests.backend_test.TestHealthAndAuth" name="test_unauthenticated_401[/health/wellness-logs]" time="0.080" /><testcase classname="tests.backend_test.TestHealthAndAuth" name="test_unauthenticated_401[/health/emergency-profile]" time="0.072" /><testcase classname="tests.backend_test.TestHealthAndAuth" name="test_unauthenticated_401[/benefits]" time="0.271" /><testcase classname="tests.test_resources_v2" name="test_admin_create_forbidden_for_participant" time="0.500" /><testcase classname="tests.backend_test.TestHealthAndAuth" name="test_unauthenticated_401[/housing/records]" time="0.136" /><testcase classname="tests.test_resources_v2" name="test_admin_create_update_as_super_admin" time="0.567" /><testcase classname="tests.backend_test.TestHealthAndAuth" name="test_unauthenticated_401[/housing/utilities]" time="0.071" /><testcase classname="tests.backend_test.TestHealthAndAuth" name="test_unauthenticated_401[/employment/jobs]" time="0.071" /><testcase classname="tests.backend_test.TestHealthAndAuth" name="test_unauthenticated_401[/employment/income]" time="0.078" /><testcase classname="tests.backend_test.TestHealthAndAuth" name="test_unauthenticated_401[/employment/applications]" time="0.116" /><testcase classname="tests.backend_test.TestHealthAndAuth" name="test_unauthenticated_401[/employment/resumes]" time="0.078" /><testcase classname="tests.backend_test.TestHealthAndAuth" name="test_unauthenticated_401[/profile/personal]" time="0.077" /><testcase classname="tests.backend_test.TestHealthAndAuth" name="test_unauthenticated_401[/documents]" time="0.087" /><testcase classname="tests.test_resources_v2" name="test_education_key_areas_still_works" time="0.079" /><testcase classname="tests.test_resources_v2" name="test_core_endpoints_smoke[/me]" time="0.085"><skipped type="pytest.skip" message="/me not implemented">/app/backend/tests/test_resources_v2.py:179: /me not implemented</skipped></testcase><testcase classname="tests.backend_test.TestHealthAndAuth" name="test_unauthenticated_401[/sharing]" time="0.087" /><testcase classname="tests.test_resources_v2" name="test_core_endpoints_smoke[/dashboard/v2]" time="0.072"><skipped type="pytest.skip" message="/dashboard/v2 not implemented">/app/backend/tests/test_resources_v2.py:179: /dashboard/v2 not implemented</skipped></testcase><testcase classname="tests.backend_test.TestHealthAndAuth" name="test_unauthenticated_401[/dashboard/summary]" time="0.138" /><testcase classname="tests.test_resources_v2" name="test_core_endpoints_smoke[/assessments]" time="0.107"><skipped type="pytest.skip" message="/assessments not implemented">/app/backend/tests/test_resources_v2.py:179: /assessments not implemented</skipped></testcase><testcase classname="tests.backend_test.TestHealthAndAuth" name="test_unauthenticated_401[/education/courses]" time="0.120" /><testcase classname="tests.test_resources_v2" name="test_core_endpoints_smoke[/journal/entries]" time="0.117" /><testcase classname="tests.backend_test.TestHealthAndAuth" name="test_unauthenticated_401[/bridge/suggestions]" time="0.100" /><testcase classname="tests.test_resources_v2" name="test_core_endpoints_smoke[/blueprint/full/questions]" time="0.071"><skipped type="pytest.skip" message="/blueprint/full/questions not implemented">/app/backend/tests/test_resources_v2.py:179: /blueprint/full/questions not implemented</skipped></testcase><testcase classname="tests.backend_test.TestHealthAndAuth" name="test_unauthenticated_401[/bridge/history]" time="0.094" /><testcase classname="tests.test_resources_v2" name="test_core_endpoints_smoke[/sections/employment-readiness]" time="0.069"><skipped type="pytest.skip" message="/sections/employment-readiness not implemented">/app/backend/tests/test_resources_v2.py:179: /sections/employment-readiness not implemented</skipped></testcase><testcase classname="tests.test_signed_urls.TestSignedUrls" name="test_owner_signed_url_roundtrip" time="0.845" /><testcase classname="tests.backend_test.TestHealth" name="test_seeded_counts" time="0.333" /><testcase classname="tests.backend_test.TestHealth" name="test_crud[health/medications-payload0-dose-10 mg]" time="0.603" /><testcase classname="tests.test_signed_urls.TestSignedUrls" name="test_tampered_signature_rejected" time="0.939" /><testcase classname="tests.backend_test.TestHealth" name="test_crud[health/conditions-payload1-plan-review]" time="0.650" /><testcase classname="tests.backend_test.TestHealth" name="test_crud[health/appointments-payload2-purpose-TEST2]" time="0.574" /><testcase classname="tests.test_signed_urls.TestSignedUrls" name="test_expired_signature_rejected" time="0.711" /><testcase classname="tests.backend_test.TestHealth" name="test_crud[health/wellness-logs-payload3-value-8]" time="0.354" /><testcase classname="tests.test_signed_urls.TestSignedUrls" name="test_cross_participant_owner_download_forbidden" time="1.001" /><testcase classname="tests.backend_test.TestHealth" name="test_emergency_profile" time="0.505" /><testcase classname="tests.test_batch_a.TestEmploymentReadiness" name="test_progress_starts_all_not_started" time="0.646" /><testcase classname="tests.test_signed_urls.TestSignedUrls" name="test_download_signed_bad_scope" time="0.708" /><testcase classname="tests.test_batch_a.TestEmploymentReadiness" name="test_cannot_attest_verifiable_item" time="0.619" /><testcase classname="tests.test_signed_urls.TestSignedUrls" name="test_legacy_session_download_still_works_and_gated" time="0.798" /><testcase classname="tests.test_batch_a.TestEmploymentReadiness" name="test_attest_allowed_for_attest_items" time="0.723" /><testcase classname="tests.backend_test.TestEducation" name="test_categories" time="0.073" /><testcase classname="tests.test_batch_a.TestEmploymentReadiness" name="test_completing_all_four_assessments_unlocks_career_exploration" time="5.976" /><testcase classname="tests.backend_test.TestEducation" name="test_courses" time="0.088" /><testcase classname="tests.backend_test.TestEducation" name="test_course_detail_and_progress" time="0.615" /><testcase classname="tests.backend_test.TestEducation" name="test_course_detail_404" time="0.068" /><testcase classname="tests.backend_test.TestEmployment" name="test_seeded" time="0.304" /><testcase classname="tests.backend_test.TestEmployment" name="test_job_and_income_flow" time="0.433" /><testcase classname="tests.backend_test.TestEmployment" name="test_application_and_resume" time="0.429" /><testcase classname="tests.test_batch_a.TestAssessments" name="test_catalog_lists_four" time="0.144" /><testcase classname="tests.test_batch_a.TestAssessments" name="test_answer_and_complete_work_style" time="2.436" /><testcase classname="tests.test_batch_a.TestAssessments" name="test_complete_fails_when_missing_answers" time="0.516" /><testcase classname="tests.test_learning_journal.TestQuizzes" name="test_public_quiz_hides_correct_answers" time="0.158" /><testcase classname="tests.test_learning_journal.TestQuizzes" name="test_submit_and_pass_flips_ereadiness" time="0.785" /><testcase classname="tests.test_batch_a.TestEmploymentReadiness" name="test_resume_evidence_gate" time="1.498" /><testcase classname="tests.test_learning_journal.TestQuizzes" name="test_submit_partial_does_not_flip" time="1.068" /><testcase classname="tests.test_learning_journal.TestJournal" name="test_create_list_delete_isolated" time="1.994" /><testcase classname="tests.test_batch_a.TestFullBlueprint" name="test_schema_has_13_sections_and_30ish_questions" time="0.143" /><testcase classname="tests.test_batch_a.TestFullBlueprint" name="test_state_starts_at_zero_and_progress_advances" time="1.053" /><testcase classname="tests.test_batch_a.TestFullBlueprint" name="test_carry_forward_from_intake" time="0.936" /><testcase classname="tests.test_learning_journal.TestJournal" name="test_empty_body_rejected" time="0.563" /><testcase classname="tests.test_batch_a.TestFullBlueprint" name="test_summary_and_completion" time="60.702"><failure message="requests.exceptions.ConnectTimeout: HTTPSConnectionPool(host='blueprint-launch-9.preview.emergentagent.com', port=443): Max retries exceeded with url: /api/blueprint-intake/answer (Caused by ConnectTimeoutError(&lt;HTTPSConnection(host='blueprint-launch-9.preview.emergentagent.com', port=443) at 0xfeae4d770bd0&gt;, 'Connection to blueprint-launch-9.preview.emergentagent.com timed out. (connect timeout=30)'))">E   TimeoutError: timed out

The above exception was the direct cause of the following exception:
E   urllib3.exceptions.ConnectTimeoutError: (&lt;HTTPSConnection(host='blueprint-launch-9.preview.emergentagent.com', port=443) at 0xfeae4d770bd0&gt;, 'Connection to blueprint-launch-9.preview.emergentagent.com timed out. (connect timeout=30)')

The above exception was the direct cause of the following exception:
E   urllib3.exceptions.MaxRetryError: HTTPSConnectionPool(host='blueprint-launch-9.preview.emergentagent.com', port=443): Max retries exceeded with url: /api/blueprint-intake/answer (Caused by ConnectTimeoutError(&lt;HTTPSConnection(host='blueprint-launch-9.preview.emergentagent.com', port=443) at 0xfeae4d770bd0&gt;, 'Connection to blueprint-launch-9.preview.emergentagent.com timed out. (connect timeout=30)'))

During handling of the above exception, another exception occurred:
E   requests.exceptions.ConnectTimeout: HTTPSConnectionPool(host='blueprint-launch-9.preview.emergentagent.com', port=443): Max retries exceeded with url: /api/blueprint-intake/answer (Caused by ConnectTimeoutError(&lt;HTTPSConnection(host='blueprint-launch-9.preview.emergentagent.com', port=443) at 0xfeae4d770bd0&gt;, 'Connection to blueprint-launch-9.preview.emergentagent.com timed out. (connect timeout=30)'))</failure></testcase><testcase classname="tests.test_learning_journal.TestJournal" name="test_mood_bounds" time="37.099" /><testcase classname="tests.backend_test.TestBenefits" name="test_scenarios" time="0.079" /><testcase classname="tests.backend_test.TestBenefits" name="test_crud" time="0.323" /><testcase classname="tests.backend_test.TestHousing" name="test_seeded" time="0.172" /><testcase classname="tests.backend_test.TestHousing" name="test_crud" time="0.431" /><testcase classname="tests.backend_test.TestDocuments" name="test_upload_download_rename_delete" time="6.445" /><testcase classname="tests.backend_test.TestDocuments" name="test_download_unauthenticated" time="0.063" /><testcase classname="tests.backend_test.TestSharing" name="test_crud_and_scoping" time="1.127" /><testcase classname="tests.backend_test.TestSharing" name="test_invalid_sharing_payload" time="0.072" /><testcase classname="tests.backend_test.TestBridge" name="test_suggestions" time="0.125" /><testcase classname="tests.backend_test.TestBridge" name="test_chat_stream_and_history" time="39.392" /><testcase classname="tests.backend_test.TestRequirements" name="test_seeded_types" time="0.084" /><testcase classname="tests.backend_test.TestRequirements" name="test_crud_and_payment" time="0.645" /><testcase classname="tests.test_signed_urls.TestAvatar" name="test_upload_and_signed_url" time="20.223" /><testcase classname="tests.test_signed_urls.TestAvatar" name="test_other_user_avatar_forbidden_across_tenants" time="1.148" /><testcase classname="tests.backend_test.TestDashboard" name="test_summary_shape" time="0.168" /><testcase classname="tests.backend_test.TestPersonalProfile" name="test_get_and_put" time="0.260" /><testcase classname="tests.backend_test.TestResources" name="test_list" time="0.079"><failure message="assert 401 == 200&#10; +  where 401 = &lt;Response [401]&gt;.status_code">E   assert 401 == 200
     +  where 401 = &lt;Response [401]&gt;.status_code</failure></testcase><testcase classname="tests.backend_test.TestRemoved" name="test_hub_items_gone" time="0.083" /><testcase classname="tests.test_batch_a.TestAffirmations" name="test_today_deterministic" time="0.384" /><testcase classname="tests.test_batch_a.TestHubVisits" name="test_track_and_recent" time="1.137" /><testcase classname="tests.test_learning_journal.TestVideoWatchProgress" name="test_watch_percent_only_moves_forward_and_auto_completes" time="1.445" /><testcase classname="tests.test_retest_bridge" name="test_bridge_suggestions_min_three" time="0.593" /><testcase classname="tests.test_retest_bridge" name="test_dashboard_summary" time="0.175" /><testcase classname="tests.test_learning_journal.TestEreadinessLessonTitleGating" name="test_interview_lesson_completion_flips_gate" time="1.089" /></testsuite></testsuites>