<?xml version="1.0" encoding="utf-8"?><testsuites name="pytest tests"><testsuite name="pytest" errors="0" failures="0" skipped="0" tests="58" time="13.041" timestamp="2026-08-24T00:05:47.077836+00:00" hostname="agent-env-42ebaf79-5319-4a9c-85ae-e8dc172ddaa3"><testcase classname="tests.backend_test.TestHealthAndAuth" name="test_health" time="0.996" /><testcase classname="tests.backend_test.TestHealthAndAuth" name="test_owner_login" time="0.461" /><testcase classname="tests.backend_test.TestHealth" name="test_seeded_counts" time="1.525" /><testcase classname="tests.backend_test.TestHealthAndAuth" name="test_login_bad_password" time="0.302" /><testcase classname="tests.backend_test.TestHealth" name="test_crud[health/medications-payload0-dose-10 mg]" time="0.652" /><testcase classname="tests.backend_test.TestHealthAndAuth" name="test_me" time="0.454" /><testcase classname="tests.backend_test.TestHealth" name="test_crud[health/conditions-payload1-plan-review]" time="0.465" /><testcase classname="tests.backend_test.TestHealthAndAuth" name="test_register_and_seed" time="0.616" /><testcase classname="tests.backend_test.TestHealth" name="test_crud[health/appointments-payload2-purpose-TEST2]" time="0.232" /><testcase classname="tests.backend_test.TestHealthAndAuth" name="test_duplicate_register" time="0.136" /><testcase classname="tests.backend_test.TestHealth" name="test_crud[health/wellness-logs-payload3-value-8]" time="0.353" /><testcase classname="tests.backend_test.TestHealthAndAuth" name="test_google_session_contract" time="0.158" /><testcase classname="tests.backend_test.TestHealthAndAuth" name="test_unauthenticated_401[/auth/me]" time="0.047" /><testcase classname="tests.backend_test.TestHealthAndAuth" name="test_unauthenticated_401[/tasks]" time="0.053" /><testcase classname="tests.backend_test.TestHealthAndAuth" name="test_unauthenticated_401[/requirements]" time="0.052" /><testcase classname="tests.backend_test.TestHealth" name="test_emergency_profile" time="0.325" /><testcase classname="tests.backend_test.TestHealthAndAuth" name="test_unauthenticated_401[/health/medications]" time="0.108" /><testcase classname="tests.backend_test.TestHealthAndAuth" name="test_unauthenticated_401[/health/conditions]" time="0.054" /><testcase classname="tests.backend_test.TestHealthAndAuth" name="test_unauthenticated_401[/health/appointments]" time="0.089" /><testcase classname="tests.backend_test.TestHealthAndAuth" name="test_unauthenticated_401[/health/wellness-logs]" time="0.067" /><testcase classname="tests.backend_test.TestEducation" name="test_categories" time="0.058" /><testcase classname="tests.backend_test.TestHealthAndAuth" name="test_unauthenticated_401[/health/emergency-profile]" time="0.058" /><testcase classname="tests.backend_test.TestEducation" name="test_courses" time="0.063" /><testcase classname="tests.backend_test.TestHealthAndAuth" name="test_unauthenticated_401[/benefits]" time="0.090" /><testcase classname="tests.backend_test.TestEducation" name="test_course_detail_and_progress" time="0.413" /><testcase classname="tests.backend_test.TestHealthAndAuth" name="test_unauthenticated_401[/housing/records]" time="0.050" /><testcase classname="tests.backend_test.TestHealthAndAuth" name="test_unauthenticated_401[/housing/utilities]" time="0.054" /><testcase classname="tests.backend_test.TestHealthAndAuth" name="test_unauthenticated_401[/employment/jobs]" time="0.056" /><testcase classname="tests.backend_test.TestHealthAndAuth" name="test_unauthenticated_401[/employment/income]" time="0.052" /><testcase classname="tests.backend_test.TestHealthAndAuth" name="test_unauthenticated_401[/employment/applications]" time="0.053" /><testcase classname="tests.backend_test.TestHealthAndAuth" name="test_unauthenticated_401[/employment/resumes]" time="0.051" /><testcase classname="tests.backend_test.TestHealthAndAuth" name="test_unauthenticated_401[/profile/personal]" time="0.057" /><testcase classname="tests.backend_test.TestEducation" name="test_course_detail_404" time="0.059" /><testcase classname="tests.backend_test.TestHealthAndAuth" name="test_unauthenticated_401[/documents]" time="0.052" /><testcase classname="tests.backend_test.TestEmployment" name="test_seeded" time="0.231" /><testcase classname="tests.backend_test.TestHealthAndAuth" name="test_unauthenticated_401[/sharing]" time="0.047" /><testcase classname="tests.backend_test.TestHealthAndAuth" name="test_unauthenticated_401[/dashboard/summary]" time="0.098" /><testcase classname="tests.backend_test.TestHealthAndAuth" name="test_unauthenticated_401[/education/courses]" time="0.059" /><testcase classname="tests.backend_test.TestEmployment" name="test_job_and_income_flow" time="0.270" /><testcase classname="tests.backend_test.TestHealthAndAuth" name="test_unauthenticated_401[/bridge/suggestions]" time="0.053" /><testcase classname="tests.backend_test.TestHealthAndAuth" name="test_unauthenticated_401[/bridge/history]" time="0.047" /><testcase classname="tests.backend_test.TestBenefits" name="test_scenarios" time="0.056" /><testcase classname="tests.backend_test.TestBenefits" name="test_crud" time="0.246" /><testcase classname="tests.backend_test.TestEmployment" name="test_application_and_resume" time="0.317" /><testcase classname="tests.backend_test.TestHousing" name="test_seeded" time="0.097" /><testcase classname="tests.backend_test.TestHousing" name="test_crud" time="0.365" /><testcase classname="tests.backend_test.TestRequirements" name="test_seeded_types" time="0.060" /><testcase classname="tests.backend_test.TestRequirements" name="test_crud_and_payment" time="0.717" /><testcase classname="tests.backend_test.TestDocuments" name="test_upload_download_rename_delete" time="1.309" /><testcase classname="tests.backend_test.TestSharing" name="test_crud_and_scoping" time="2.685" /><testcase classname="tests.backend_test.TestDocuments" name="test_download_unauthenticated" time="0.140" /><testcase classname="tests.backend_test.TestBridge" name="test_suggestions" time="0.078" /><testcase classname="tests.backend_test.TestBridge" name="test_chat_stream_and_history" time="4.264" /><testcase classname="tests.backend_test.TestSharing" name="test_invalid_sharing_payload" time="0.062" /><testcase classname="tests.backend_test.TestDashboard" name="test_summary_shape" time="0.076" /><testcase classname="tests.backend_test.TestRemoved" name="test_hub_items_gone" time="0.057" /><testcase classname="tests.backend_test.TestPersonalProfile" name="test_get_and_put" time="0.166" /><testcase classname="tests.backend_test.TestResources" name="test_list" time="0.949" /></testsuite></testsuites>